2024-07-04 16:16:57 INFO  TelegramBot:32 - Hello
2024-07-04 16:59:17 INFO  TelegramBot:33 - go
2024-07-04 17:10:31 INFO  TelegramBot:35 - try
2024-07-04 17:13:07 INFO  TelegramBot:35 - booot
2024-07-04 17:13:07 ERROR TelegramBot:49 - org.telegram.telegrambots.meta.exceptions.TelegramApiRequestException: Unable to deserialize response
2024-07-04 18:53:59 INFO  TelegramBot:35 - hi
2024-07-04 18:53:59 ERROR TelegramBot:49 - org.telegram.telegrambots.meta.exceptions.TelegramApiRequestException: Unable to deserialize response
2024-07-04 19:35:16 INFO  TelegramBot:35 - hihi
2024-07-04 19:35:16 ERROR TelegramBot:49 - org.telegram.telegrambots.meta.exceptions.TelegramApiRequestException: Unable to deserialize response
2024-07-04 19:37:46 INFO  TelegramBot:35 - go
2024-07-04 23:01:07 INFO  TelegramBot:46 - text
2024-07-04 23:01:55 INFO  TelegramBot:46 - 📝
2024-07-04 23:03:58 DEBUG UpdatePruducerImpl:14 - repeat
2024-07-04 23:05:20 DEBUG UpdatePruducerImpl:14 - 
2024-07-05 13:58:17 DEBUG UpdateProducerImpl:21 - go
2024-07-05 14:01:24 DEBUG UpdateProducerImpl:21 - harlou
2024-07-05 14:02:43 DEBUG UpdateProducerImpl:21 - halloo
2024-07-05 14:57:07 DEBUG UpdateProducerImpl:21 - try
2024-07-07 16:01:27 DEBUG UpdateProducerImpl:21 - Go
2024-07-07 16:06:36 DEBUG UpdateProducerImpl:21 - Hello
2024-07-07 16:07:50 DEBUG UpdateProducerImpl:21 - that should work properly
2024-07-07 16:13:05 DEBUG UpdateProducerImpl:21 - fg
2024-07-07 17:15:22 DEBUG UpdateProducerImpl:21 - tg
2024-07-07 17:17:48 DEBUG UpdateProducerImpl:21 - la
2024-07-07 17:38:13 DEBUG UpdateProducerImpl:21 - klov
2024-07-07 17:39:50 DEBUG UpdateProducerImpl:21 - hi
2024-07-07 17:41:07 DEBUG UpdateProducerImpl:21 - go
